{"level":"info","message":{"client_id":1,"endpoint":"/api/v1/material/list","ip":"::1","method":"GET","query":{},"response_time_ms":28,"status_code":200,"timestamp":"2025-10-03T10:49:16.934Z"}}
{"level":"error","message":{"client_id":"unknown","endpoint":"/api/v1/material/list","ip":"::1","method":"GET","query":{},"response_time_ms":17,"status_code":403,"timestamp":"2025-10-09T04:17:30.787Z"}}
{"level":"info","message":{"client_id":1,"endpoint":"/api/v1/material/list","ip":"::1","method":"GET","query":{},"response_time_ms":14,"status_code":200,"timestamp":"2025-10-09T04:18:01.634Z"}}
{"level":"info","message":{"client_id":1,"endpoint":"/api/v1/material/list?search=Rod","ip":"::1","method":"GET","query":{"search":"Rod"},"response_time_ms":12,"status_code":200,"timestamp":"2025-10-09T04:18:36.413Z"}}
{"level":"info","message":{"client_id":1,"endpoint":"/api/v1/material/list?search=Rolled","ip":"::1","method":"GET","query":{"search":"Rolled"},"response_time_ms":11,"status_code":200,"timestamp":"2025-10-09T04:18:50.774Z"}}
{"level":"info","message":{"client_id":1,"endpoint":"/api/v1/material/list?series=Rod&search=Rolled&page=1&limit=4","ip":"::1","method":"GET","query":{"limit":"4","page":"1","search":"Rolled","series":"Rod"},"response_time_ms":10,"status_code":200,"timestamp":"2025-10-09T04:19:04.538Z"}}
{"level":"info","message":{"client_id":1,"endpoint":"/api/v1/material/list?search=Rolled&page=1&limit=4","ip":"::1","method":"GET","query":{"limit":"4","page":"1","search":"Rolled"},"response_time_ms":5,"status_code":200,"timestamp":"2025-10-09T04:19:12.574Z"}}
{"level":"info","message":{"client_id":1,"endpoint":"/api/v1/material/list?search=Rolled","ip":"::1","method":"GET","query":{"search":"Rolled"},"response_time_ms":4,"status_code":200,"timestamp":"2025-10-09T04:19:18.954Z"}}
{"level":"info","message":{"client_id":1,"endpoint":"/api/v1/material/list","ip":"::1","method":"GET","query":{},"response_time_ms":8,"status_code":200,"timestamp":"2025-10-09T04:19:55.742Z"}}
{"level":"error","message":{"client_id":"unknown","endpoint":"/api/v1/material/list","ip":"::1","method":"GET","query":{},"response_time_ms":1,"status_code":401,"timestamp":"2025-10-09T04:20:26.877Z"}}
{"level":"info","message":{"client_id":1,"endpoint":"/api/v1/material/list","ip":"::1","method":"GET","query":{},"response_time_ms":7,"status_code":200,"timestamp":"2025-10-09T04:20:39.050Z"}}
{"level":"error","message":{"client_id":"unknown","endpoint":"/api/v1/material/view/11","ip":"::1","method":"GET","query":{},"response_time_ms":16,"status_code":403,"timestamp":"2025-10-09T04:23:19.925Z"}}
{"level":"error","message":{"client_id":1,"endpoint":"/api/v1/material/view/11","ip":"::1","method":"GET","query":{},"response_time_ms":11,"status_code":500,"timestamp":"2025-10-09T04:23:25.988Z"}}
{"level":"info","message":{"client_id":1,"endpoint":"/api/v1/material/view/11","ip":"::1","method":"GET","query":{},"response_time_ms":11,"status_code":200,"timestamp":"2025-10-09T04:23:39.101Z"}}
{"level":"info","message":{"client_id":1,"endpoint":"/api/v1/material/view/11","ip":"::1","method":"GET","query":{},"response_time_ms":11,"status_code":200,"timestamp":"2025-10-09T04:24:22.703Z"}}
{"level":"info","message":{"client_id":1,"endpoint":"/api/v1/material/view/11","ip":"::1","method":"GET","query":{},"response_time_ms":16,"status_code":200,"timestamp":"2025-10-09T04:28:21.284Z"}}
{"level":"info","message":{"client_id":1,"endpoint":"/api/v1/material/view/11","ip":"::1","method":"GET","query":{},"response_time_ms":15,"status_code":200,"timestamp":"2025-10-09T04:29:38.808Z"}}
{"level":"info","message":{"client_id":1,"endpoint":"/api/v1/material/view/3","ip":"::1","method":"GET","query":{},"response_time_ms":9,"status_code":200,"timestamp":"2025-10-09T04:29:46.738Z"}}
{"level":"info","message":{"client_id":1,"endpoint":"/api/v1/material/view/3?region&from_date&to_date&search&page=1&limit=23","ip":"::1","method":"GET","query":{"from_date":"","limit":"23","page":"1","region":"","search":"","to_date":""},"response_time_ms":9,"status_code":200,"timestamp":"2025-10-09T04:30:56.329Z"}}
{"level":"info","message":{"client_id":1,"endpoint":"/api/v1/material/view/3?region&from_date&to_date&search","ip":"::1","method":"GET","query":{"from_date":"","region":"","search":"","to_date":""},"response_time_ms":15,"status_code":200,"timestamp":"2025-10-09T04:31:10.342Z"}}
{"level":"info","message":{"client_id":1,"endpoint":"/api/v1/material/view/3?region&from_date&to_date&search","ip":"::1","method":"GET","query":{"from_date":"","region":"","search":"","to_date":""},"response_time_ms":16,"status_code":200,"timestamp":"2025-10-09T04:31:25.983Z"}}
{"level":"info","message":{"client_id":1,"endpoint":"/api/v1/material/view/3?region&from_date&to_date&search","ip":"::1","method":"GET","query":{"from_date":"","region":"","search":"","to_date":""},"response_time_ms":15,"status_code":200,"timestamp":"2025-10-09T04:31:34.176Z"}}
{"level":"info","message":{"client_id":1,"endpoint":"/api/v1/material/list","ip":"::1","method":"GET","query":{},"response_time_ms":10,"status_code":200,"timestamp":"2025-10-09T04:32:59.845Z"}}
{"level":"info","message":{"client_id":1,"endpoint":"/api/v1/material/view/3?region=India&from_date&to_date&search","ip":"::1","method":"GET","query":{"from_date":"","region":"India","search":"","to_date":""},"response_time_ms":10,"status_code":200,"timestamp":"2025-10-09T04:34:02.339Z"}}
{"level":"info","message":{"client_id":1,"endpoint":"/api/v1/material/view/3?region=Europe&from_date&to_date&search","ip":"::1","method":"GET","query":{"from_date":"","region":"Europe","search":"","to_date":""},"response_time_ms":9,"status_code":200,"timestamp":"2025-10-09T04:34:27.541Z"}}
{"level":"info","message":{"client_id":1,"endpoint":"/api/v1/material/view/11?region=Europe&from_date&to_date&search","ip":"::1","method":"GET","query":{"from_date":"","region":"Europe","search":"","to_date":""},"response_time_ms":11,"status_code":200,"timestamp":"2025-10-09T04:34:47.424Z"}}
{"level":"info","message":{"client_id":1,"endpoint":"/api/v1/material/view/11?region=Europe&from_date&to_date&search","ip":"::1","method":"GET","query":{"from_date":"","region":"Europe","search":"","to_date":""},"response_time_ms":26,"status_code":200,"timestamp":"2025-10-09T04:35:49.215Z"}}
{"level":"info","message":{"client_id":1,"endpoint":"/api/v1/material/view/11?region=Europe&from_date&to_date&search","ip":"::1","method":"GET","query":{"from_date":"","region":"Europe","search":"","to_date":""},"response_time_ms":16,"status_code":200,"timestamp":"2025-10-09T04:39:35.691Z"}}
{"level":"info","message":{"client_id":1,"endpoint":"/api/v1/material/view/3","ip":"::1","method":"GET","query":{},"response_time_ms":34,"status_code":200,"timestamp":"2025-10-09T04:42:02.635Z"}}
{"level":"info","message":{"client_id":1,"endpoint":"/api/v1/material/view/3?from_date=2024-01-01&to_date=2024-08-10","ip":"::1","method":"GET","query":{"from_date":"2024-01-01","to_date":"2024-08-10"},"response_time_ms":28,"status_code":200,"timestamp":"2025-10-09T04:49:49.483Z"}}
{"level":"info","message":{"client_id":1,"endpoint":"/api/v1/material/view/3?from_date=2024-01-01&to_date=2025-08-10","ip":"::1","method":"GET","query":{"from_date":"2024-01-01","to_date":"2025-08-10"},"response_time_ms":17,"status_code":200,"timestamp":"2025-10-09T04:50:09.027Z"}}
{"level":"info","message":{"client_id":1,"endpoint":"/api/v1/material/view/3?from_date=2024-01-01&to_date=2025-08-10&search=EXW","ip":"::1","method":"GET","query":{"from_date":"2024-01-01","search":"EXW","to_date":"2025-08-10"},"response_time_ms":15,"status_code":200,"timestamp":"2025-10-09T04:50:31.225Z"}}
{"level":"error","message":{"client_id":1,"endpoint":"/api/v1/material/price/view/224","ip":"::1","method":"GET","query":{},"response_time_ms":25,"status_code":500,"timestamp":"2025-10-09T04:53:47.106Z"}}
{"level":"info","message":{"client_id":1,"endpoint":"/api/v1/material/price/view/224","ip":"::1","method":"GET","query":{},"response_time_ms":14,"status_code":200,"timestamp":"2025-10-09T04:54:25.629Z"}}
{"level":"info","message":{"client_id":1,"endpoint":"/api/v1/material/price/view/224","ip":"::1","method":"GET","query":{},"response_time_ms":15,"status_code":200,"timestamp":"2025-10-09T04:55:47.936Z"}}
{"level":"error","message":{"client_id":1,"endpoint":"/api/v1/material/price/view","ip":"::1","method":"GET","query":{},"response_time_ms":6,"status_code":400,"timestamp":"2025-10-09T04:56:38.884Z"}}
{"level":"error","message":{"client_id":1,"endpoint":"/api/v1/material/price/view","ip":"::1","method":"GET","query":{},"response_time_ms":16,"status_code":400,"timestamp":"2025-10-09T04:58:24.191Z"}}
{"level":"info","message":{"client_id":1,"endpoint":"/api/v1/material/price/view/223","ip":"::1","method":"GET","query":{},"response_time_ms":23,"status_code":200,"timestamp":"2025-10-09T05:06:57.169Z"}}
{"level":"info","message":{"client_id":1,"endpoint":"/api/v1/material/list?page=1&limit=20","ip":"::1","method":"GET","query":{"limit":"20","page":"1"},"response_time_ms":22,"status_code":200,"timestamp":"2025-10-09T05:12:30.012Z"}}
{"level":"info","message":{"client_id":1,"endpoint":"/api/v1/material/list?search=Structural%20&page=1&limit=20","ip":"::1","method":"GET","query":{"limit":"20","page":"1","search":"Structural "},"response_time_ms":7,"status_code":200,"timestamp":"2025-10-09T05:12:39.390Z"}}
{"level":"info","message":{"client_id":1,"endpoint":"/api/v1/material/list?search=Roll&page=1&limit=20","ip":"::1","method":"GET","query":{"limit":"20","page":"1","search":"Roll"},"response_time_ms":9,"status_code":200,"timestamp":"2025-10-09T05:12:46.998Z"}}
{"level":"info","message":{"client_id":1,"endpoint":"/api/v1/material/list?series=Hot%20Rolled%20Coil&page=1&limit=20","ip":"::1","method":"GET","query":{"limit":"20","page":"1","series":"Hot Rolled Coil"},"response_time_ms":11,"status_code":200,"timestamp":"2025-10-09T05:12:59.011Z"}}
{"level":"info","message":{"client_id":1,"endpoint":"/api/v1/material/view/1?page=1&limit=20","ip":"::1","method":"GET","query":{"limit":"20","page":"1"},"response_time_ms":14,"status_code":200,"timestamp":"2025-10-09T05:13:10.529Z"}}
{"level":"info","message":{"client_id":1,"endpoint":"/api/v1/material/view/1?region=india&page=1&limit=20","ip":"::1","method":"GET","query":{"limit":"20","page":"1","region":"india"},"response_time_ms":13,"status_code":200,"timestamp":"2025-10-09T05:13:31.300Z"}}
{"level":"error","message":{"client_id":1,"endpoint":"/api/v1/material/view/1?region=india&from_date=2023-10-11&to_date=2023-2-22&page=1&limit=20","ip":"::1","method":"GET","query":{"from_date":"2023-10-11","limit":"20","page":"1","region":"india","to_date":"2023-2-22"},"response_time_ms":5,"status_code":400,"timestamp":"2025-10-09T05:14:01.543Z"}}
{"level":"error","message":{"client_id":1,"endpoint":"/api/v1/material/view/1?region=india&from_date=2023-10-11&to_date=2023-02-22&page=1&limit=20","ip":"::1","method":"GET","query":{"from_date":"2023-10-11","limit":"20","page":"1","region":"india","to_date":"2023-02-22"},"response_time_ms":3,"status_code":400,"timestamp":"2025-10-09T05:14:09.631Z"}}
{"level":"info","message":{"client_id":1,"endpoint":"/api/v1/material/view/1?region=india&from_date=2023-10-11&to_date=2023-12-22&page=1&limit=20","ip":"::1","method":"GET","query":{"from_date":"2023-10-11","limit":"20","page":"1","region":"india","to_date":"2023-12-22"},"response_time_ms":18,"status_code":200,"timestamp":"2025-10-09T05:14:22.674Z"}}
{"level":"info","message":{"client_id":1,"endpoint":"/api/v1/material/view/1?region=USA&from_date=2023-10-11&to_date=2023-12-22&page=1&limit=20","ip":"::1","method":"GET","query":{"from_date":"2023-10-11","limit":"20","page":"1","region":"USA","to_date":"2023-12-22"},"response_time_ms":13,"status_code":200,"timestamp":"2025-10-09T05:14:37.875Z"}}
{"level":"info","message":{"client_id":1,"endpoint":"/api/v1/material/view/1?from_date=2023-10-11&to_date=2023-12-22&page=1&limit=20","ip":"::1","method":"GET","query":{"from_date":"2023-10-11","limit":"20","page":"1","to_date":"2023-12-22"},"response_time_ms":8,"status_code":200,"timestamp":"2025-10-09T05:14:43.472Z"}}
{"level":"info","message":{"client_id":1,"endpoint":"/api/v1/material/list","ip":"::1","method":"GET","query":{},"response_time_ms":25,"status_code":200,"timestamp":"2025-10-09T05:18:53.840Z"}}
{"level":"info","message":{"client_id":1,"endpoint":"/api/v1/material/view/1","ip":"::1","method":"GET","query":{},"response_time_ms":15,"status_code":200,"timestamp":"2025-10-09T05:19:10.853Z"}}
{"level":"info","message":{"client_id":1,"endpoint":"/api/v1/material/view/1?from_date=2025-01-01&to_date=2025-08-10","ip":"::1","method":"GET","query":{"from_date":"2025-01-01","to_date":"2025-08-10"},"response_time_ms":18,"status_code":200,"timestamp":"2025-10-09T05:19:32.925Z"}}
{"level":"info","message":{"client_id":1,"endpoint":"/api/v1/material/view/1?from_date=2025-01-01&to_date=2025-08-10&search=EXW","ip":"::1","method":"GET","query":{"from_date":"2025-01-01","search":"EXW","to_date":"2025-08-10"},"response_time_ms":8,"status_code":200,"timestamp":"2025-10-09T05:19:42.635Z"}}
{"level":"info","message":{"client_id":1,"endpoint":"/api/v1/material/view/1?from_date=2025-01-01&to_date=2025-08-10&search=CIF","ip":"::1","method":"GET","query":{"from_date":"2025-01-01","search":"CIF","to_date":"2025-08-10"},"response_time_ms":6,"status_code":200,"timestamp":"2025-10-09T05:19:52.428Z"}}
{"level":"info","message":{"client_id":1,"endpoint":"/api/v1/material/view/1?from_date=2025-01-01&to_date=2025-08-10","ip":"::1","method":"GET","query":{"from_date":"2025-01-01","to_date":"2025-08-10"},"response_time_ms":5,"status_code":200,"timestamp":"2025-10-09T05:19:59.454Z"}}
{"level":"info","message":{"client_id":1,"endpoint":"/api/v1/material/view/1?region=Europe&from_date=2025-01-01&to_date=2025-08-10","ip":"::1","method":"GET","query":{"from_date":"2025-01-01","region":"Europe","to_date":"2025-08-10"},"response_time_ms":7,"status_code":200,"timestamp":"2025-10-09T05:20:05.546Z"}}
{"level":"info","message":{"client_id":1,"endpoint":"/api/v1/material/view/1?from_date=2025-01-01&to_date=2025-08-10","ip":"::1","method":"GET","query":{"from_date":"2025-01-01","to_date":"2025-08-10"},"response_time_ms":6,"status_code":200,"timestamp":"2025-10-09T05:20:12.300Z"}}
{"level":"info","message":{"client_id":1,"endpoint":"/api/v1/material/price/view/23","ip":"::1","method":"GET","query":{},"response_time_ms":12,"status_code":200,"timestamp":"2025-10-09T05:20:43.511Z"}}
{"level":"info","message":{"client_id":1,"endpoint":"/api/v1/material/price/view/44","ip":"::1","method":"GET","query":{},"response_time_ms":7,"status_code":200,"timestamp":"2025-10-09T05:21:25.454Z"}}
{"level":"info","message":{"client_id":1,"endpoint":"/api/v1/material/list?search=Rolled","ip":"::1","method":"GET","query":{"search":"Rolled"},"response_time_ms":8,"status_code":200,"timestamp":"2025-10-09T05:22:42.621Z"}}
{"level":"info","message":{"client_id":1,"endpoint":"/api/v1/material/view/1","ip":"::1","method":"GET","query":{},"response_time_ms":11,"status_code":200,"timestamp":"2025-10-09T05:25:38.453Z"}}
{"level":"info","message":{"client_id":1,"endpoint":"/api/v1/material/view/1?region=USA","ip":"::1","method":"GET","query":{"region":"USA"},"response_time_ms":10,"status_code":200,"timestamp":"2025-10-09T05:26:34.579Z"}}
{"level":"info","message":{"client_id":1,"endpoint":"/api/v1/material/view/1","ip":"::1","method":"GET","query":{},"response_time_ms":10,"status_code":200,"timestamp":"2025-10-09T05:27:01.531Z"}}
{"level":"info","message":{"client_id":1,"endpoint":"/api/v1/material/view/1?page=1","ip":"::1","method":"GET","query":{"page":"1"},"response_time_ms":9,"status_code":200,"timestamp":"2025-10-09T05:27:27.751Z"}}
{"level":"info","message":{"client_id":1,"endpoint":"/api/v1/material/view/1?page=1&limit=50","ip":"::1","method":"GET","query":{"limit":"50","page":"1"},"response_time_ms":14,"status_code":200,"timestamp":"2025-10-09T05:28:41.995Z"}}
{"level":"error","message":{"client_id":1,"endpoint":"/api/v1/material/view/1?page=1&limit=50","ip":"::1","method":"GET","query":{"limit":"50","page":"1"},"response_time_ms":19,"status_code":500,"timestamp":"2025-10-09T05:33:06.568Z"}}
{"level":"info","message":{"client_id":1,"endpoint":"/api/v1/material/view/1?page=1&limit=50&sort_by&order","ip":"::1","method":"GET","query":{"limit":"50","order":"","page":"1","sort_by":""},"response_time_ms":30,"status_code":200,"timestamp":"2025-10-09T05:34:20.958Z"}}
{"level":"info","message":{"client_id":1,"endpoint":"/api/v1/material/view/1?page=1&limit=50&sort_by=price&order=DESC","ip":"::1","method":"GET","query":{"limit":"50","order":"DESC","page":"1","sort_by":"price"},"response_time_ms":14,"status_code":200,"timestamp":"2025-10-09T05:34:35.623Z"}}
{"level":"info","message":{"client_id":1,"endpoint":"/api/v1/material/view/1?page=1&limit=50&sort_by=region&order=DESC","ip":"::1","method":"GET","query":{"limit":"50","order":"DESC","page":"1","sort_by":"region"},"response_time_ms":7,"status_code":200,"timestamp":"2025-10-09T05:34:45.116Z"}}
